<?xml version="1.0" encoding="UTF-8"?>
<!-- Generated by org.testng.reporters.JUnitReportReporter -->
<testsuite hostname="QA-SYSTEM" failures="0" tests="2" name="com.gigm.headerTestCases.CheckHeaderLinks" time="47.323" errors="0" timestamp="2019-12-14T18:14:28 WAT" skipped="0">
  <testcase classname="com.gigm.headerTestCases.CheckHeaderLinks" name="checkHeaderLinks" time="31.590"/>
  <testcase classname="com.gigm.headerTestCases.CheckHeaderLinks" name="FooterlinksCheck" time="15.733"/>
</testsuite> <!-- com.gigm.headerTestCases.CheckHeaderLinks -->
