<?xml version="1.0" encoding="UTF-8"?>
<!-- Generated by org.testng.reporters.JUnitReportReporter -->
<testsuite hostname="QA-SYSTEM" failures="0" tests="1" name="com.gigm.testcases.SignUp" time="6.654" errors="0" timestamp="2019-12-24T09:01:23 WAT" skipped="0">
  <testcase classname="com.gigm.testcases.SignUp" name="signUp" time="6.654"/>
</testsuite> <!-- com.gigm.testcases.SignUp -->
