<?xml version="1.0" encoding="UTF-8"?>
<!-- Generated by org.testng.reporters.JUnitReportReporter -->
<testsuite hostname="QA-SYSTEM" failures="0" tests="2" name="com.gigm.testcases.ValidateHeaderLinks" time="77.374" errors="0" timestamp="2020-01-07T14:29:53 WAT" skipped="0">
  <testcase classname="com.gigm.testcases.ValidateHeaderLinks" name="checkHeaderLinks" time="62.685"/>
  <testcase classname="com.gigm.testcases.ValidateHeaderLinks" name="FooterlinksCheck" time="14.689"/>
</testsuite> <!-- com.gigm.testcases.ValidateHeaderLinks -->
