<?xml version="1.0" encoding="UTF-8"?>
<!-- Generated by org.testng.reporters.JUnitReportReporter -->
<testsuite hostname="QA-SYSTEM" failures="0" tests="1" name="com.gigm.testcases.AmbassadorLogin" time="126.535" errors="0" timestamp="2019-12-26T10:47:52 WAT" skipped="0">
  <testcase classname="com.gigm.testcases.AmbassadorLogin" name="CheckAmbassador" time="126.535"/>
</testsuite> <!-- com.gigm.testcases.AmbassadorLogin -->
