<?xml version="1.0" encoding="UTF-8"?>
<!-- Generated by org.testng.reporters.JUnitReportReporter -->
<testsuite hostname="QA-SYSTEM" failures="0" tests="1" name="com.gigm.testcases.ValidateAmbassador" time="36.903" errors="0" timestamp="2020-01-07T14:29:53 WAT" skipped="0">
  <testcase classname="com.gigm.testcases.ValidateAmbassador" name="CheckAmbassador" time="36.903"/>
</testsuite> <!-- com.gigm.testcases.ValidateAmbassador -->
