<?xml version="1.0" encoding="UTF-8"?>
<!-- Generated by org.testng.reporters.JUnitReportReporter -->
<testsuite hostname="QA-SYSTEM" failures="0" tests="2" name="com.gigm.testcases.CheckHeaderLinks" time="128.495" errors="0" timestamp="2019-12-26T10:35:26 WAT" skipped="0">
  <testcase classname="com.gigm.testcases.CheckHeaderLinks" name="checkHeaderLinks" time="107.379"/>
  <testcase classname="com.gigm.testcases.CheckHeaderLinks" name="FooterlinksCheck" time="21.116"/>
</testsuite> <!-- com.gigm.testcases.CheckHeaderLinks -->
