<?xml version="1.0" encoding="UTF-8"?>
<!-- Generated by org.testng.reporters.JUnitReportReporter -->
<testsuite hostname="QA-SYSTEM" failures="0" tests="1" name="com.gigm.testcases.ValidateBooking" time="32.924" errors="0" timestamp="2020-01-25T09:42:28 WAT" skipped="0">
  <testcase classname="com.gigm.testcases.ValidateBooking" name="bookAticket" time="32.924"/>
</testsuite> <!-- com.gigm.testcases.ValidateBooking -->
