<?xml version="1.0" encoding="UTF-8"?>
<!-- Generated by org.testng.reporters.JUnitReportReporter -->
<testsuite hostname="QA-SYSTEM" failures="0" tests="2" name="com.gigm.testcases.ValidateHeaderLinks" time="56.965" errors="0" timestamp="24 Jan 2020 07:56:23 GMT">
  <testcase classname="com.gigm.testcases.ValidateHeaderLinks" name="checkHeaderLinks" time="42.196"/>
  <testcase classname="com.gigm.testcases.ValidateHeaderLinks" name="FooterlinksCheck" time="14.769"/>
</testsuite> <!-- com.gigm.testcases.ValidateHeaderLinks -->
