<?xml version="1.0" encoding="UTF-8"?>
<!-- Generated by org.testng.reporters.JUnitReportReporter -->
<testsuite hostname="QA-SYSTEM" failures="0" tests="3" name="com.gigm.testcases.ValidateSignUp" time="29.931" errors="0" timestamp="24 Jan 2020 07:56:23 GMT">
  <testcase classname="com.gigm.testcases.ValidateSignUp" name="signUp" time="10.674"/>
  <testcase classname="com.gigm.testcases.ValidateSignUp" name="signUp" time="9.378"/>
  <testcase classname="com.gigm.testcases.ValidateSignUp" name="signUp" time="9.879"/>
</testsuite> <!-- com.gigm.testcases.ValidateSignUp -->
