<?xml version="1.0" encoding="UTF-8"?>
<!-- Generated by org.testng.reporters.JUnitReportReporter -->
<testsuite hostname="QA-SYSTEM" failures="0" tests="1" name="com.gigm.testcases.ValidateAmbassador" time="18.075" errors="0" timestamp="24 Jan 2020 07:56:23 GMT">
  <testcase classname="com.gigm.testcases.ValidateAmbassador" name="CheckAmbassador" time="18.075"/>
</testsuite> <!-- com.gigm.testcases.ValidateAmbassador -->
